<?xml version="1.0" encoding="UTF-8"?>
<testng-results skipped="0" failed="0" total="1" passed="1">
  <reporter-output>
  </reporter-output>
  <suite name="Default suite" duration-ms="54885" started-at="2016-09-16T09:00:40Z" finished-at="2016-09-16T09:01:35Z">
    <groups>
    </groups>
    <test name="Default test" duration-ms="54885" started-at="2016-09-16T09:00:40Z" finished-at="2016-09-16T09:01:35Z">
      <class name="com.pricingtestcasessprint01.PccaSetup03">
        <test-method status="PASS" signature="oneTimeSetup(java.lang.String, java.lang.String, java.lang.String)[pri:0, instance:com.pricingtestcasessprint01.PccaSetup03@9d9c55]" name="oneTimeSetup" is-config="true" duration-ms="8004" started-at="2016-09-16T14:30:40Z" finished-at="2016-09-16T14:30:48Z">
          <params>
            <param index="0">
              <value>
                <![CDATA[Pricing]]>
              </value>
            </param>
            <param index="1">
              <value>
                <![CDATA[Windows 7||chrome]]>
              </value>
            </param>
            <param index="2">
              <value>
                <![CDATA[chrome]]>
              </value>
            </param>
          </params>
          <reporter-output>
          </reporter-output>
        </test-method> <!-- oneTimeSetup -->
        <test-method status="PASS" signature="pccaSetup03()[pri:0, instance:com.pricingtestcasessprint01.PccaSetup03@9d9c55]" name="pccaSetup03" duration-ms="45164" started-at="2016-09-16T14:30:48Z" finished-at="2016-09-16T14:31:33Z">
          <reporter-output>
          </reporter-output>
        </test-method> <!-- pccaSetup03 -->
        <test-method status="PASS" signature="oneTearDown()[pri:0, instance:com.pricingtestcasessprint01.PccaSetup03@9d9c55]" name="oneTearDown" is-config="true" duration-ms="1702" started-at="2016-09-16T14:31:33Z" finished-at="2016-09-16T14:31:35Z">
          <reporter-output>
          </reporter-output>
        </test-method> <!-- oneTearDown -->
      </class> <!-- com.pricingtestcasessprint01.PccaSetup03 -->
    </test> <!-- Default test -->
  </suite> <!-- Default suite -->
</testng-results>
